build/app/intermediates/manifest_merge_blame_file/release/manifest-merger-blame-release-report.txt
1<?xml version="1.0" encoding="utf-8"?>
2<manifest xmlns:android="http://schemas.android.com/apk/res/android"
3    package="com.box.project.recording_app"
4    android:versionCode="10"
5    android:versionName="3.0.0" >
6
7    <uses-sdk
8        android:minSdkVersion="21"
8-->src\main\AndroidManifest.xml
9        android:targetSdkVersion="34" />
9-->src\main\AndroidManifest.xml
10
11    <uses-feature
11-->src\main\AndroidManifest.xml:6:5-9:36
12        android:name="android.software.leanback"
12-->src\main\AndroidManifest.xml:7:9-49
13        android:required="false" />
13-->src\main\AndroidManifest.xml:8:9-33
14    <uses-feature
14-->src\main\AndroidManifest.xml:10:5-13:36
15        android:name="android.hardware.touchscreen"
15-->src\main\AndroidManifest.xml:11:9-52
16        android:required="false" />
16-->src\main\AndroidManifest.xml:12:9-33
17
18    <uses-permission android:name="android.permission.INTERNET" />
18-->src\main\AndroidManifest.xml:15:5-67
18-->src\main\AndroidManifest.xml:15:22-64
19    <uses-permission android:name="android.permission.WRITE_EXTERNAL_STORAGE" />
19-->src\main\AndroidManifest.xml:16:5-81
19-->src\main\AndroidManifest.xml:16:22-78
20    <uses-permission
20-->src\main\AndroidManifest.xml:17:5-80
21        android:name="android.permission.READ_EXTERNAL_STORAGE"
21-->src\main\AndroidManifest.xml:17:22-77
22        android:maxSdkVersion="32" />
22-->[:file_picker] AndroidManifest.xml:11:9-35
23    <uses-permission android:name="android.permission.ACCESS_FINE_LOCATION" />
23-->src\main\AndroidManifest.xml:18:1-75
23-->src\main\AndroidManifest.xml:18:18-72
24    <uses-permission android:name="android.permission.ACCESS_COARSE_LOCATION" />
24-->src\main\AndroidManifest.xml:19:1-77
24-->src\main\AndroidManifest.xml:19:18-74
25    <uses-permission android:name="android.permission.CAMERA" />
25-->[:camera_android] AndroidManifest.xml:9:5-65
25-->[:camera_android] AndroidManifest.xml:9:22-62
26    <uses-permission android:name="android.permission.RECORD_AUDIO" />
26-->[:camera_android] AndroidManifest.xml:10:5-71
26-->[:camera_android] AndroidManifest.xml:10:22-68
27
28    <queries>
28-->[:file_picker] AndroidManifest.xml:13:5-19:15
29        <intent>
29-->[:file_picker] AndroidManifest.xml:14:9-18:18
30            <action android:name="android.intent.action.GET_CONTENT" />
30-->[:file_picker] AndroidManifest.xml:15:13-72
30-->[:file_picker] AndroidManifest.xml:15:21-69
31
32            <data android:mimeType="*/*" />
32-->[:file_picker] AndroidManifest.xml:17:13-44
32-->[:file_picker] AndroidManifest.xml:17:19-41
33        </intent>
34    </queries>
35
36    <uses-permission android:name="android.permission.ACCESS_NETWORK_STATE" />
36-->[androidx.media3:media3-common:1.3.1] AndroidManifest.xml:22:5-79
36-->[androidx.media3:media3-common:1.3.1] AndroidManifest.xml:22:22-76
37
38    <permission
38-->[androidx.core:core:1.13.0] AndroidManifest.xml:22:5-24:47
39        android:name="com.box.project.recording_app.DYNAMIC_RECEIVER_NOT_EXPORTED_PERMISSION"
39-->[androidx.core:core:1.13.0] AndroidManifest.xml:23:9-81
40        android:protectionLevel="signature" />
40-->[androidx.core:core:1.13.0] AndroidManifest.xml:24:9-44
41
42    <uses-permission android:name="com.box.project.recording_app.DYNAMIC_RECEIVER_NOT_EXPORTED_PERMISSION" />
42-->[androidx.core:core:1.13.0] AndroidManifest.xml:26:5-97
42-->[androidx.core:core:1.13.0] AndroidManifest.xml:26:22-94
43
44    <application
45        android:name="android.app.Application"
45-->src\main\AndroidManifest.xml:21:9-42
46        android:appComponentFactory="androidx.core.app.CoreComponentFactory"
46-->[androidx.core:core:1.13.0] AndroidManifest.xml:28:18-86
47        android:banner="@mipmap/ic_banner_main"
47-->src\main\AndroidManifest.xml:22:9-48
48        android:hardwareAccelerated="true"
48-->src\main\AndroidManifest.xml:23:9-43
49        android:icon="@mipmap/ic_launcher"
49-->src\main\AndroidManifest.xml:24:9-43
50        android:label="Polio collector"
50-->src\main\AndroidManifest.xml:25:9-40
51        android:largeHeap="true"
51-->src\main\AndroidManifest.xml:26:9-33
52        android:supportsRtl="true" >
52-->src\main\AndroidManifest.xml:27:9-35
53        <activity
53-->src\main\AndroidManifest.xml:29:9-50:20
54            android:name="com.box.project.polio.MainActivity"
54-->src\main\AndroidManifest.xml:30:13-41
55            android:configChanges="orientation|keyboardHidden|keyboard|screenSize|smallestScreenSize|locale|layoutDirection|fontScale|screenLayout|density|uiMode"
55-->src\main\AndroidManifest.xml:31:13-163
56            android:exported="true"
56-->src\main\AndroidManifest.xml:32:13-36
57            android:hardwareAccelerated="true"
57-->src\main\AndroidManifest.xml:33:13-47
58            android:launchMode="singleTop"
58-->src\main\AndroidManifest.xml:34:13-43
59            android:theme="@style/LaunchTheme"
59-->src\main\AndroidManifest.xml:35:13-47
60            android:windowSoftInputMode="adjustResize" >
60-->src\main\AndroidManifest.xml:36:13-55
61
62            <!--
63                 Specifies an Android theme to apply to this Activity as soon as
64                 the Android process has started. This theme is visible to the user
65                 while the Flutter UI initializes. After that, this theme continues
66                 to determine the Window background behind the Flutter UI.
67            -->
68            <meta-data
68-->src\main\AndroidManifest.xml:41:13-43:57
69                android:name="io.flutter.embedding.android.NormalTheme"
69-->src\main\AndroidManifest.xml:42:17-72
70                android:resource="@style/NormalTheme" />
70-->src\main\AndroidManifest.xml:43:17-54
71
72            <intent-filter>
72-->src\main\AndroidManifest.xml:44:13-49:29
73                <action android:name="android.intent.action.MAIN" />
73-->src\main\AndroidManifest.xml:45:17-69
73-->src\main\AndroidManifest.xml:45:25-66
74
75                <category android:name="android.intent.category.LEANBACK_LAUNCHER" />
75-->src\main\AndroidManifest.xml:47:17-86
75-->src\main\AndroidManifest.xml:47:27-83
76                <category android:name="android.intent.category.LAUNCHER" />
76-->src\main\AndroidManifest.xml:48:17-77
76-->src\main\AndroidManifest.xml:48:27-74
77            </intent-filter>
78        </activity>
79        <!--
80             Don't delete the meta-data below.
81             This is used by the Flutter tool to generate GeneratedPluginRegistrant.java
82        -->
83        <meta-data
83-->src\main\AndroidManifest.xml:53:9-55:33
84            android:name="flutterEmbedding"
84-->src\main\AndroidManifest.xml:54:13-44
85            android:value="2" />
85-->src\main\AndroidManifest.xml:55:13-30
86
87        <service
87-->[:geolocator_android] AndroidManifest.xml:10:9-14:56
88            android:name="com.baseflow.geolocator.GeolocatorLocationService"
88-->[:geolocator_android] AndroidManifest.xml:11:13-77
89            android:enabled="true"
89-->[:geolocator_android] AndroidManifest.xml:12:13-35
90            android:exported="false"
90-->[:geolocator_android] AndroidManifest.xml:13:13-37
91            android:foregroundServiceType="location" />
91-->[:geolocator_android] AndroidManifest.xml:14:13-53
92        <service
92-->[:location] AndroidManifest.xml:13:9-17:56
93            android:name="com.lyokone.location.FlutterLocationService"
93-->[:location] AndroidManifest.xml:14:13-71
94            android:enabled="true"
94-->[:location] AndroidManifest.xml:15:13-35
95            android:exported="false"
95-->[:location] AndroidManifest.xml:16:13-37
96            android:foregroundServiceType="location" />
96-->[:location] AndroidManifest.xml:17:13-53
97
98        <activity
98-->[com.google.android.gms:play-services-base:18.3.0] AndroidManifest.xml:20:9-22:45
99            android:name="com.google.android.gms.common.api.GoogleApiActivity"
99-->[com.google.android.gms:play-services-base:18.3.0] AndroidManifest.xml:20:19-85
100            android:exported="false"
100-->[com.google.android.gms:play-services-base:18.3.0] AndroidManifest.xml:22:19-43
101            android:theme="@android:style/Theme.Translucent.NoTitleBar" />
101-->[com.google.android.gms:play-services-base:18.3.0] AndroidManifest.xml:21:19-78
102
103        <meta-data
103-->[com.google.android.gms:play-services-basement:18.3.0] AndroidManifest.xml:21:9-23:69
104            android:name="com.google.android.gms.version"
104-->[com.google.android.gms:play-services-basement:18.3.0] AndroidManifest.xml:22:13-58
105            android:value="@integer/google_play_services_version" />
105-->[com.google.android.gms:play-services-basement:18.3.0] AndroidManifest.xml:23:13-66
106
107        <uses-library
107-->[androidx.window:window:1.0.0-beta04] AndroidManifest.xml:25:9-27:40
108            android:name="androidx.window.extensions"
108-->[androidx.window:window:1.0.0-beta04] AndroidManifest.xml:26:13-54
109            android:required="false" />
109-->[androidx.window:window:1.0.0-beta04] AndroidManifest.xml:27:13-37
110        <uses-library
110-->[androidx.window:window:1.0.0-beta04] AndroidManifest.xml:28:9-30:40
111            android:name="androidx.window.sidecar"
111-->[androidx.window:window:1.0.0-beta04] AndroidManifest.xml:29:13-51
112            android:required="false" />
112-->[androidx.window:window:1.0.0-beta04] AndroidManifest.xml:30:13-37
113
114        <provider
114-->[androidx.profileinstaller:profileinstaller:1.3.0] AndroidManifest.xml:24:9-32:20
115            android:name="androidx.startup.InitializationProvider"
115-->[androidx.profileinstaller:profileinstaller:1.3.0] AndroidManifest.xml:25:13-67
116            android:authorities="com.box.project.recording_app.androidx-startup"
116-->[androidx.profileinstaller:profileinstaller:1.3.0] AndroidManifest.xml:26:13-68
117            android:exported="false" >
117-->[androidx.profileinstaller:profileinstaller:1.3.0] AndroidManifest.xml:27:13-37
118            <meta-data
118-->[androidx.profileinstaller:profileinstaller:1.3.0] AndroidManifest.xml:29:13-31:52
119                android:name="androidx.profileinstaller.ProfileInstallerInitializer"
119-->[androidx.profileinstaller:profileinstaller:1.3.0] AndroidManifest.xml:30:17-85
120                android:value="androidx.startup" />
120-->[androidx.profileinstaller:profileinstaller:1.3.0] AndroidManifest.xml:31:17-49
121        </provider>
122
123        <receiver
123-->[androidx.profileinstaller:profileinstaller:1.3.0] AndroidManifest.xml:34:9-52:20
124            android:name="androidx.profileinstaller.ProfileInstallReceiver"
124-->[androidx.profileinstaller:profileinstaller:1.3.0] AndroidManifest.xml:35:13-76
125            android:directBootAware="false"
125-->[androidx.profileinstaller:profileinstaller:1.3.0] AndroidManifest.xml:36:13-44
126            android:enabled="true"
126-->[androidx.profileinstaller:profileinstaller:1.3.0] AndroidManifest.xml:37:13-35
127            android:exported="true"
127-->[androidx.profileinstaller:profileinstaller:1.3.0] AndroidManifest.xml:38:13-36
128            android:permission="android.permission.DUMP" >
128-->[androidx.profileinstaller:profileinstaller:1.3.0] AndroidManifest.xml:39:13-57
129            <intent-filter>
129-->[androidx.profileinstaller:profileinstaller:1.3.0] AndroidManifest.xml:40:13-42:29
130                <action android:name="androidx.profileinstaller.action.INSTALL_PROFILE" />
130-->[androidx.profileinstaller:profileinstaller:1.3.0] AndroidManifest.xml:41:17-91
130-->[androidx.profileinstaller:profileinstaller:1.3.0] AndroidManifest.xml:41:25-88
131            </intent-filter>
132            <intent-filter>
132-->[androidx.profileinstaller:profileinstaller:1.3.0] AndroidManifest.xml:43:13-45:29
133                <action android:name="androidx.profileinstaller.action.SKIP_FILE" />
133-->[androidx.profileinstaller:profileinstaller:1.3.0] AndroidManifest.xml:44:17-85
133-->[androidx.profileinstaller:profileinstaller:1.3.0] AndroidManifest.xml:44:25-82
134            </intent-filter>
135            <intent-filter>
135-->[androidx.profileinstaller:profileinstaller:1.3.0] AndroidManifest.xml:46:13-48:29
136                <action android:name="androidx.profileinstaller.action.SAVE_PROFILE" />
136-->[androidx.profileinstaller:profileinstaller:1.3.0] AndroidManifest.xml:47:17-88
136-->[androidx.profileinstaller:profileinstaller:1.3.0] AndroidManifest.xml:47:25-85
137            </intent-filter>
138            <intent-filter>
138-->[androidx.profileinstaller:profileinstaller:1.3.0] AndroidManifest.xml:49:13-51:29
139                <action android:name="androidx.profileinstaller.action.BENCHMARK_OPERATION" />
139-->[androidx.profileinstaller:profileinstaller:1.3.0] AndroidManifest.xml:50:17-95
139-->[androidx.profileinstaller:profileinstaller:1.3.0] AndroidManifest.xml:50:25-92
140            </intent-filter>
141        </receiver>
142    </application>
143
144</manifest>